time="2025-01-15 10:08:47" level=warning Agent="Apifox/1.0.0 (https://apifox.com)" DataSize=37 HostName=LAPTOP-BJJ1PKI9 Ip="::1" Method=POST Path=/generate SpendTime="0 ms" status=400
time="2025-01-15 10:10:16" level=info Agent="Apifox/1.0.0 (https://apifox.com)" DataSize=24 HostName=LAPTOP-BJJ1PKI9 Ip="::1" Method=POST Path=/generate SpendTime="13 ms" status=200
time="2025-01-15 10:11:52" level=warning Agent="Apifox/1.0.0 (https://apifox.com)" DataSize=0 HostName=LAPTOP-BJJ1PKI9 Ip="::1" Method=GET Path="/?shortURL=JjDdK06P" SpendTime="0 ms" status=404
time="2025-01-15 10:12:00" level=warning Agent="Apifox/1.0.0 (https://apifox.com)" DataSize=42 HostName=LAPTOP-BJJ1PKI9 Ip="::1" Method=GET Path="/JjDdK06P?shortURL=JjDdK06P" SpendTime="0 ms" status=404
time="2025-01-15 10:12:06" level=info Agent="Apifox/1.0.0 (https://apifox.com)" DataSize=24 HostName=LAPTOP-BJJ1PKI9 Ip="::1" Method=POST Path=/generate SpendTime="6 ms" status=200
time="2025-01-15 10:12:09" level=warning Agent="Apifox/1.0.0 (https://apifox.com)" DataSize=42 HostName=LAPTOP-BJJ1PKI9 Ip="::1" Method=GET Path="/JjDdK06P?shortURL=JjDdK06P" SpendTime="0 ms" status=404
time="2025-01-15 10:12:28" level=info Agent="Apifox/1.0.0 (https://apifox.com)" DataSize=24 HostName=LAPTOP-BJJ1PKI9 Ip="::1" Method=POST Path=/generate SpendTime="7 ms" status=200
time="2025-01-15 10:12:42" level=info Agent="Apifox/1.0.0 (https://apifox.com)" DataSize=78 HostName=LAPTOP-BJJ1PKI9 Ip="::1" Method=GET Path="/FY27-asP?shortURL=FY27-asP" SpendTime="0 ms" status=301
time="2025-01-15 10:23:36" level=info Agent="Apifox/1.0.0 (https://apifox.com)" DataSize=24 HostName=LAPTOP-BJJ1PKI9 Ip="::1" Method=POST Path=/generate SpendTime="2 ms" status=200
time="2025-01-15 10:23:40" level=info Agent="Apifox/1.0.0 (https://apifox.com)" DataSize=78 HostName=LAPTOP-BJJ1PKI9 Ip="::1" Method=GET Path="/FY27-asP?shortURL=FY27-asP" SpendTime="0 ms" status=301
time="2025-01-15 10:23:56" level=info Agent="Apifox/1.0.0 (https://apifox.com)" DataSize=78 HostName=LAPTOP-BJJ1PKI9 Ip="::1" Method=GET Path="/FY27-asP?shortURL=FY27-asP" SpendTime="0 ms" status=301
time="2025-01-15 10:24:25" level=info Agent="Apifox/1.0.0 (https://apifox.com)" DataSize=24 HostName=LAPTOP-BJJ1PKI9 Ip="::1" Method=POST Path=/generate SpendTime="7 ms" status=200
time="2025-01-15 10:24:39" level=info Agent="Apifox/1.0.0 (https://apifox.com)" DataSize=204 HostName=LAPTOP-BJJ1PKI9 Ip="::1" Method=GET Path="/P868w7ch?shortURL=P868w7ch" SpendTime="0 ms" status=301
time="2025-01-15 10:24:51" level=info Agent="Apifox/1.0.0 (https://apifox.com)" DataSize=204 HostName=LAPTOP-BJJ1PKI9 Ip="::1" Method=GET Path="/P868w7ch?shortURL=P868w7ch" SpendTime="0 ms" status=301
time="2025-01-15 10:24:56" level=info Agent="Apifox/1.0.0 (https://apifox.com)" DataSize=204 HostName=LAPTOP-BJJ1PKI9 Ip="::1" Method=GET Path="/P868w7ch?shortURL=P868w7c" SpendTime="0 ms" status=301
time="2025-01-15 10:25:00" level=warning Agent="Apifox/1.0.0 (https://apifox.com)" DataSize=34 HostName=LAPTOP-BJJ1PKI9 Ip="::1" Method=GET Path="/P868w7c?shortURL=P868w7c" SpendTime="1 ms" status=400
time="2025-01-15 10:26:39" level=warning Agent="Apifox/1.0.0 (https://apifox.com)" DataSize=34 HostName=LAPTOP-BJJ1PKI9 Ip="::1" Method=GET Path="/P868w7c?shortURL=P868w7c" SpendTime="0 ms" status=400
time="2025-01-15 10:26:44" level=info Agent="Apifox/1.0.0 (https://apifox.com)" DataSize=24 HostName=LAPTOP-BJJ1PKI9 Ip="::1" Method=POST Path=/generate SpendTime="2 ms" status=200
time="2025-01-15 10:26:55" level=info Agent="Apifox/1.0.0 (https://apifox.com)" DataSize=204 HostName=LAPTOP-BJJ1PKI9 Ip="::1" Method=GET Path="/P868w7ch?shortURL=P868w7ch" SpendTime="0 ms" status=301
time="2025-01-15 10:27:48" level=warning Agent="Apifox/1.0.0 (https://apifox.com)" DataSize=34 HostName=LAPTOP-BJJ1PKI9 Ip="::1" Method=GET Path="/P868w7ch?shortURL=P868w7ch" SpendTime="0 ms" status=400
time="2025-01-15 10:27:50" level=warning Agent="Apifox/1.0.0 (https://apifox.com)" DataSize=34 HostName=LAPTOP-BJJ1PKI9 Ip="::1" Method=GET Path="/P868w7ch?shortURL=P868w7ch" SpendTime="0 ms" status=400
time="2025-01-15 10:27:52" level=warning Agent="Apifox/1.0.0 (https://apifox.com)" DataSize=34 HostName=LAPTOP-BJJ1PKI9 Ip="::1" Method=GET Path="/P868w7ch?shortURL=P868w7ch" SpendTime="0 ms" status=400
time="2025-01-15 10:31:04" level=info Agent="Apifox/1.0.0 (https://apifox.com)" DataSize=204 HostName=LAPTOP-BJJ1PKI9 Ip="::1" Method=GET Path="/P868w7ch?shortURL=P868w7ch" SpendTime="1 ms" status=301
time="2025-01-15 10:31:07" level=info Agent="Apifox/1.0.0 (https://apifox.com)" DataSize=204 HostName=LAPTOP-BJJ1PKI9 Ip="::1" Method=GET Path="/P868w7ch?shortURL=P868w7ch" SpendTime="0 ms" status=301
