time="2025-07-16 11:38:39" level=info msg="RPC call succeeded" duration=34.2537ms method=/shortUrl.ShortUrl/GenerateShortUrl
time="2025-07-16 11:38:40" level=info msg="RPC call succeeded" duration=3.9681ms method=/shortUrl.ShortUrl/HandleShort
time="2025-07-16 11:38:54" level=info msg="RPC call succeeded" duration=27.4669ms method=/shortUrl.ShortUrl/GenerateShortUrl
time="2025-07-16 11:38:54" level=info msg="RPC call succeeded" duration=3.5825ms method=/shortUrl.ShortUrl/HandleShort
time="2025-07-16 11:41:55" level=info msg="RPC call succeeded" duration=24.2532ms method=/shortUrl.ShortUrl/GenerateShortUrl
time="2025-07-16 11:42:26" level=info msg="RPC call succeeded" duration=23.1403ms method=/shortUrl.ShortUrl/GenerateShortUrl
time="2025-07-16 11:42:27" level=info msg="RPC call succeeded" duration=5.5517ms method=/shortUrl.ShortUrl/GenerateShortUrl
time="2025-07-16 11:42:28" level=info msg="RPC call succeeded" duration=5.6536ms method=/shortUrl.ShortUrl/GenerateShortUrl
time="2025-07-16 11:42:28" level=info msg="RPC call succeeded" duration=4.765ms method=/shortUrl.ShortUrl/GenerateShortUrl
time="2025-07-16 11:53:09" level=info msg="RPC call succeeded" duration=23.062ms method=/shortUrl.ShortUrl/GenerateShortUrl
time="2025-07-16 11:53:10" level=info msg="RPC call succeeded" duration=1.8828ms method=/shortUrl.ShortUrl/GenerateShortUrl
time="2025-07-16 11:53:11" level=info msg="RPC call succeeded" duration=1.0561ms method=/shortUrl.ShortUrl/GenerateShortUrl
time="2025-07-16 11:53:11" level=info msg="RPC call succeeded" duration=1.4708ms method=/shortUrl.ShortUrl/GenerateShortUrl
time="2025-07-16 11:53:11" level=info msg="RPC call succeeded" duration="980.6µs" method=/shortUrl.ShortUrl/GenerateShortUrl
time="2025-07-16 11:53:11" level=info msg="RPC call succeeded" duration="887.3µs" method=/shortUrl.ShortUrl/GenerateShortUrl
time="2025-07-16 11:53:11" level=info msg="RPC call succeeded" duration="913.5µs" method=/shortUrl.ShortUrl/GenerateShortUrl
time="2025-07-16 11:53:11" level=info msg="RPC call succeeded" duration="621µs" method=/shortUrl.ShortUrl/GenerateShortUrl
time="2025-07-16 11:53:12" level=info msg="RPC call succeeded" duration="536.6µs" method=/shortUrl.ShortUrl/GenerateShortUrl
time="2025-07-16 11:53:12" level=info msg="RPC call succeeded" duration="565.4µs" method=/shortUrl.ShortUrl/GenerateShortUrl
time="2025-07-16 11:53:12" level=info msg="RPC call succeeded" duration="552.7µs" method=/shortUrl.ShortUrl/GenerateShortUrl
time="2025-07-16 11:53:12" level=info msg="RPC call succeeded" duration="897.8µs" method=/shortUrl.ShortUrl/GenerateShortUrl
time="2025-07-16 11:53:12" level=info msg="RPC call succeeded" duration="570.4µs" method=/shortUrl.ShortUrl/GenerateShortUrl
time="2025-07-16 11:53:12" level=info msg="RPC call succeeded" duration="530µs" method=/shortUrl.ShortUrl/GenerateShortUrl
time="2025-07-16 11:53:12" level=info msg="RPC call succeeded" duration="546.7µs" method=/shortUrl.ShortUrl/GenerateShortUrl
time="2025-07-16 11:53:13" level=info msg="RPC call succeeded" duration="602µs" method=/shortUrl.ShortUrl/GenerateShortUrl
time="2025-07-16 11:53:13" level=info msg="RPC call succeeded" duration="558.9µs" method=/shortUrl.ShortUrl/GenerateShortUrl
time="2025-07-16 11:53:13" level=info msg="RPC call succeeded" duration="644.6µs" method=/shortUrl.ShortUrl/GenerateShortUrl
time="2025-07-16 11:53:13" level=info msg="RPC call succeeded" duration="600.3µs" method=/shortUrl.ShortUrl/GenerateShortUrl
time="2025-07-16 11:53:14" level=info msg="RPC call succeeded" duration="552.2µs" method=/shortUrl.ShortUrl/GenerateShortUrl
time="2025-07-16 11:53:14" level=info msg="RPC call succeeded" duration=1.0671ms method=/shortUrl.ShortUrl/GenerateShortUrl
time="2025-07-16 11:53:21" level=info msg="RPC call succeeded" duration=16.2479ms method=/shortUrl.ShortUrl/GenerateShortUrl
time="2025-07-16 11:53:21" level=info msg="RPC call succeeded" duration="555.4µs" method=/shortUrl.ShortUrl/GenerateShortUrl
time="2025-07-16 11:53:21" level=info msg="RPC call succeeded" duration=1.1104ms method=/shortUrl.ShortUrl/GenerateShortUrl
time="2025-07-16 11:53:22" level=info msg="RPC call succeeded" duration="541.2µs" method=/shortUrl.ShortUrl/GenerateShortUrl
time="2025-07-16 11:53:26" level=info msg="RPC call succeeded" duration=3.994ms method=/shortUrl.ShortUrl/HandleShort
time="2025-07-16 11:53:35" level=info msg="RPC call succeeded" duration=15.1007ms method=/shortUrl.ShortUrl/GenerateShortUrl
time="2025-07-16 11:53:38" level=info msg="RPC call succeeded" duration=2.3448ms method=/shortUrl.ShortUrl/HandleShort
time="2025-07-16 11:54:24" level=info msg="RPC call succeeded" duration=22.3634ms method=/shortUrl.ShortUrl/GenerateShortUrl
time="2025-07-16 11:54:25" level=info msg="RPC call succeeded" duration=2.4178ms method=/shortUrl.ShortUrl/HandleShort
time="2025-07-16 19:45:08" level=info msg="RPC call succeeded" duration=27.2885ms method=/shortUrl.ShortUrl/GenerateShortUrl
time="2025-07-16 19:45:10" level=info msg="RPC call succeeded" duration=6.022ms method=/shortUrl.ShortUrl/GenerateShortUrl
time="2025-07-16 19:45:10" level=info msg="RPC call succeeded" duration=24.9748ms method=/shortUrl.ShortUrl/GenerateShortUrl
time="2025-07-16 19:45:10" level=info msg="RPC call succeeded" duration=6.1459ms method=/shortUrl.ShortUrl/GenerateShortUrl
time="2025-07-16 19:45:10" level=info msg="RPC call succeeded" duration=6.4792ms method=/shortUrl.ShortUrl/GenerateShortUrl
time="2025-07-16 19:45:11" level=info msg="RPC call succeeded" duration=5.604ms method=/shortUrl.ShortUrl/GenerateShortUrl
time="2025-07-16 19:45:11" level=info msg="RPC call succeeded" duration=5.5556ms method=/shortUrl.ShortUrl/GenerateShortUrl
time="2025-07-16 19:45:11" level=info msg="RPC call succeeded" duration=5.4001ms method=/shortUrl.ShortUrl/GenerateShortUrl
time="2025-07-16 19:45:11" level=info msg="RPC call succeeded" duration=5.7113ms method=/shortUrl.ShortUrl/GenerateShortUrl
time="2025-07-16 19:45:12" level=info msg="RPC call succeeded" duration=5.6181ms method=/shortUrl.ShortUrl/GenerateShortUrl
time="2025-07-16 19:45:12" level=info msg="RPC call succeeded" duration=6.1189ms method=/shortUrl.ShortUrl/GenerateShortUrl
time="2025-07-16 19:45:12" level=info msg="RPC call succeeded" duration=6.5192ms method=/shortUrl.ShortUrl/GenerateShortUrl
time="2025-07-16 19:45:12" level=info msg="RPC call succeeded" duration=5.2515ms method=/shortUrl.ShortUrl/GenerateShortUrl
time="2025-07-16 19:45:13" level=info msg="RPC call succeeded" duration=5.7107ms method=/shortUrl.ShortUrl/GenerateShortUrl
time="2025-07-16 19:53:01" level=info msg="RPC call succeeded" duration=18.6325ms method=/shortUrl.ShortUrl/GenerateShortUrl
time="2025-07-16 19:53:02" level=info msg="RPC call succeeded" duration=1.3046ms method=/shortUrl.ShortUrl/GenerateShortUrl
time="2025-07-16 19:53:02" level=info msg="RPC call succeeded" duration=1.5682ms method=/shortUrl.ShortUrl/GenerateShortUrl
time="2025-07-16 19:53:02" level=info msg="RPC call succeeded" duration="563.3µs" method=/shortUrl.ShortUrl/GenerateShortUrl
time="2025-07-16 19:53:02" level=info msg="RPC call succeeded" duration="550.1µs" method=/shortUrl.ShortUrl/GenerateShortUrl
time="2025-07-16 19:53:02" level=info msg="RPC call succeeded" duration="540.3µs" method=/shortUrl.ShortUrl/GenerateShortUrl
time="2025-07-16 19:53:03" level=info msg="RPC call succeeded" duration=1.1566ms method=/shortUrl.ShortUrl/GenerateShortUrl
time="2025-07-16 19:53:05" level=info msg="RPC call succeeded" duration="527.5µs" method=/shortUrl.ShortUrl/GenerateShortUrl
time="2025-07-16 19:53:15" level=info msg="RPC call succeeded" duration=24.3746ms method=/shortUrl.ShortUrl/GenerateShortUrl
time="2025-07-16 19:53:22" level=info msg="RPC call succeeded" duration=1.2221ms method=/shortUrl.ShortUrl/GenerateShortUrl
time="2025-07-16 19:53:22" level=info msg="RPC call succeeded" duration=1.1765ms method=/shortUrl.ShortUrl/GenerateShortUrl
time="2025-07-16 19:53:23" level=info msg="RPC call succeeded" duration=11.9725ms method=/shortUrl.ShortUrl/HandleShort
time="2025-07-16 20:00:22" level=info msg="RPC call succeeded" duration=19.502ms method=/shortUrl.ShortUrl/GenerateShortUrl
time="2025-07-16 20:00:22" level=info msg="RPC call succeeded" duration=1.111ms method=/shortUrl.ShortUrl/GenerateShortUrl
time="2025-07-16 20:00:22" level=info msg="RPC call succeeded" duration="993.3µs" method=/shortUrl.ShortUrl/GenerateShortUrl
time="2025-07-16 20:00:23" level=info msg="RPC call succeeded" duration="562µs" method=/shortUrl.ShortUrl/GenerateShortUrl
time="2025-07-16 20:00:23" level=info msg="RPC call succeeded" duration="641µs" method=/shortUrl.ShortUrl/GenerateShortUrl
time="2025-07-16 20:00:23" level=info msg="RPC call succeeded" duration=1.0711ms method=/shortUrl.ShortUrl/GenerateShortUrl
time="2025-07-16 20:00:23" level=info msg="RPC call succeeded" duration=3.3736ms method=/shortUrl.ShortUrl/HandleShort
time="2025-07-16 20:00:39" level=info msg="RPC call succeeded" duration=23.2973ms method=/shortUrl.ShortUrl/GenerateShortUrl
time="2025-07-16 20:00:41" level=info msg="RPC call succeeded" duration=1.3972ms method=/shortUrl.ShortUrl/GenerateShortUrl
time="2025-07-16 20:00:41" level=info msg="RPC call succeeded" duration="554.6µs" method=/shortUrl.ShortUrl/GenerateShortUrl
time="2025-07-16 20:00:41" level=info msg="RPC call succeeded" duration="608.5µs" method=/shortUrl.ShortUrl/GenerateShortUrl
time="2025-07-16 20:00:42" level=info msg="RPC call succeeded" duration=1.0828ms method=/shortUrl.ShortUrl/GenerateShortUrl
time="2025-07-16 20:00:42" level=info msg="RPC call succeeded" duration="535.1µs" method=/shortUrl.ShortUrl/GenerateShortUrl
time="2025-07-16 20:00:42" level=info msg="RPC call succeeded" duration="964µs" method=/shortUrl.ShortUrl/GenerateShortUrl
time="2025-07-16 20:01:32" level=info msg="RPC call succeeded" duration=20.125ms method=/shortUrl.ShortUrl/GenerateShortUrl
time="2025-07-16 20:01:33" level=info msg="RPC call succeeded" duration=2.9438ms method=/shortUrl.ShortUrl/GenerateShortUrl
time="2025-07-16 20:01:33" level=info msg="RPC call succeeded" duration=1.9916ms method=/shortUrl.ShortUrl/GenerateShortUrl
time="2025-07-16 20:01:33" level=info msg="RPC call succeeded" duration=2.4924ms method=/shortUrl.ShortUrl/GenerateShortUrl
time="2025-07-16 20:01:33" level=info msg="RPC call succeeded" duration=2.6646ms method=/shortUrl.ShortUrl/GenerateShortUrl
time="2025-07-16 20:01:33" level=info msg="RPC call succeeded" duration=2.079ms method=/shortUrl.ShortUrl/GenerateShortUrl
time="2025-07-16 20:01:34" level=info msg="RPC call succeeded" duration=2.2222ms method=/shortUrl.ShortUrl/GenerateShortUrl
time="2025-07-16 20:01:34" level=info msg="RPC call succeeded" duration=1.8625ms method=/shortUrl.ShortUrl/GenerateShortUrl
time="2025-07-16 20:01:34" level=info msg="RPC call succeeded" duration=2.6402ms method=/shortUrl.ShortUrl/GenerateShortUrl
time="2025-07-16 20:01:34" level=info msg="RPC call succeeded" duration=2.5532ms method=/shortUrl.ShortUrl/GenerateShortUrl
time="2025-07-16 20:01:34" level=info msg="RPC call succeeded" duration=2.0587ms method=/shortUrl.ShortUrl/GenerateShortUrl
time="2025-07-16 20:01:34" level=info msg="RPC call succeeded" duration=2.4589ms method=/shortUrl.ShortUrl/GenerateShortUrl
time="2025-07-16 20:01:35" level=info msg="RPC call succeeded" duration=1.9845ms method=/shortUrl.ShortUrl/GenerateShortUrl
time="2025-07-16 20:01:35" level=info msg="RPC call succeeded" duration=2.043ms method=/shortUrl.ShortUrl/GenerateShortUrl
time="2025-07-16 20:01:35" level=info msg="RPC call succeeded" duration=2.2101ms method=/shortUrl.ShortUrl/GenerateShortUrl
time="2025-07-16 20:01:40" level=info msg="RPC call succeeded" duration=2.3109ms method=/shortUrl.ShortUrl/GenerateShortUrl
time="2025-07-16 20:01:40" level=info msg="RPC call succeeded" duration=2.4559ms method=/shortUrl.ShortUrl/GenerateShortUrl
time="2025-07-16 20:01:40" level=info msg="RPC call succeeded" duration=3.1021ms method=/shortUrl.ShortUrl/GenerateShortUrl
time="2025-07-16 20:01:40" level=info msg="RPC call succeeded" duration=3.1351ms method=/shortUrl.ShortUrl/GenerateShortUrl
time="2025-07-16 20:01:41" level=info msg="RPC call succeeded" duration=2.5777ms method=/shortUrl.ShortUrl/GenerateShortUrl
time="2025-07-16 20:01:41" level=info msg="RPC call succeeded" duration=2.879ms method=/shortUrl.ShortUrl/GenerateShortUrl
time="2025-07-16 20:01:41" level=info msg="RPC call succeeded" duration=2.9378ms method=/shortUrl.ShortUrl/GenerateShortUrl
time="2025-07-16 20:01:41" level=info msg="RPC call succeeded" duration=2.6498ms method=/shortUrl.ShortUrl/GenerateShortUrl
time="2025-07-16 20:01:41" level=info msg="RPC call succeeded" duration=2.8168ms method=/shortUrl.ShortUrl/GenerateShortUrl
time="2025-07-16 20:01:41" level=info msg="RPC call succeeded" duration=2.2167ms method=/shortUrl.ShortUrl/GenerateShortUrl
time="2025-07-16 20:01:41" level=info msg="RPC call succeeded" duration=2.4931ms method=/shortUrl.ShortUrl/GenerateShortUrl
time="2025-07-16 20:01:42" level=info msg="RPC call succeeded" duration=2.8122ms method=/shortUrl.ShortUrl/GenerateShortUrl
time="2025-07-16 20:01:42" level=info msg="RPC call succeeded" duration=2.488ms method=/shortUrl.ShortUrl/GenerateShortUrl
time="2025-07-16 20:01:42" level=info msg="RPC call succeeded" duration=3.1074ms method=/shortUrl.ShortUrl/GenerateShortUrl
time="2025-07-16 20:01:42" level=info msg="RPC call succeeded" duration=3.0839ms method=/shortUrl.ShortUrl/GenerateShortUrl
time="2025-07-16 20:01:42" level=info msg="RPC call succeeded" duration=2.4408ms method=/shortUrl.ShortUrl/GenerateShortUrl
time="2025-07-16 20:01:42" level=info msg="RPC call succeeded" duration=19.1943ms method=/shortUrl.ShortUrl/GenerateShortUrl
time="2025-07-16 20:01:43" level=info msg="RPC call succeeded" duration=2.9858ms method=/shortUrl.ShortUrl/GenerateShortUrl
time="2025-07-16 20:01:43" level=info msg="RPC call succeeded" duration=4.0183ms method=/shortUrl.ShortUrl/GenerateShortUrl
time="2025-07-16 20:24:26" level=info msg="RPC call succeeded" duration=21.4877ms method=/shortUrl.ShortUrl/GenerateShortUrl
time="2025-07-16 20:24:27" level=info msg="RPC call succeeded" duration=2.7033ms method=/shortUrl.ShortUrl/GenerateShortUrl
time="2025-07-16 20:24:27" level=info msg="RPC call succeeded" duration=2.0868ms method=/shortUrl.ShortUrl/GenerateShortUrl
time="2025-07-16 20:24:27" level=info msg="RPC call succeeded" duration=2.953ms method=/shortUrl.ShortUrl/GenerateShortUrl
time="2025-07-16 20:24:27" level=info msg="RPC call succeeded" duration=2.2581ms method=/shortUrl.ShortUrl/GenerateShortUrl
time="2025-07-16 20:24:28" level=info msg="RPC call succeeded" duration=2.1855ms method=/shortUrl.ShortUrl/GenerateShortUrl
time="2025-07-16 20:24:28" level=info msg="RPC call succeeded" duration=2.6832ms method=/shortUrl.ShortUrl/GenerateShortUrl
time="2025-07-16 20:24:28" level=info msg="RPC call succeeded" duration=2.1261ms method=/shortUrl.ShortUrl/GenerateShortUrl
time="2025-07-16 20:24:28" level=info msg="RPC call succeeded" duration="550.9µs" method=/shortUrl.ShortUrl/GenerateShortUrl
time="2025-07-16 20:24:28" level=info msg="RPC call succeeded" duration=2.1747ms method=/shortUrl.ShortUrl/GenerateShortUrl
time="2025-07-16 20:24:28" level=info msg="RPC call succeeded" duration=2.8742ms method=/shortUrl.ShortUrl/GenerateShortUrl
time="2025-07-16 20:24:29" level=info msg="RPC call succeeded" duration=2.5578ms method=/shortUrl.ShortUrl/GenerateShortUrl
time="2025-07-16 20:24:29" level=info msg="RPC call succeeded" duration=2.5755ms method=/shortUrl.ShortUrl/GenerateShortUrl
time="2025-07-16 20:24:29" level=info msg="RPC call succeeded" duration=3.8058ms method=/shortUrl.ShortUrl/GenerateShortUrl
time="2025-07-16 20:24:29" level=info msg="RPC call succeeded" duration=2.0508ms method=/shortUrl.ShortUrl/GenerateShortUrl
time="2025-07-16 20:24:29" level=info msg="RPC call succeeded" duration=6.4933ms method=/shortUrl.ShortUrl/GenerateShortUrl
time="2025-07-16 20:24:30" level=info msg="RPC call succeeded" duration=3.0274ms method=/shortUrl.ShortUrl/GenerateShortUrl
time="2025-07-16 20:24:30" level=info msg="RPC call succeeded" duration=2.6064ms method=/shortUrl.ShortUrl/GenerateShortUrl
time="2025-07-16 20:24:30" level=info msg="RPC call succeeded" duration=2.7536ms method=/shortUrl.ShortUrl/GenerateShortUrl
time="2025-07-16 20:24:30" level=info msg="RPC call succeeded" duration=3.4039ms method=/shortUrl.ShortUrl/GenerateShortUrl
time="2025-07-16 20:24:30" level=info msg="RPC call succeeded" duration=1.9618ms method=/shortUrl.ShortUrl/GenerateShortUrl
time="2025-07-16 20:24:31" level=info msg="RPC call succeeded" duration=2.1154ms method=/shortUrl.ShortUrl/GenerateShortUrl
time="2025-07-16 20:24:31" level=info msg="RPC call succeeded" duration=2.598ms method=/shortUrl.ShortUrl/GenerateShortUrl
time="2025-07-16 20:24:31" level=info msg="RPC call succeeded" duration=2.3125ms method=/shortUrl.ShortUrl/GenerateShortUrl
time="2025-07-16 20:24:31" level=info msg="RPC call succeeded" duration=2.7966ms method=/shortUrl.ShortUrl/GenerateShortUrl
time="2025-07-16 20:24:31" level=info msg="RPC call succeeded" duration=2.549ms method=/shortUrl.ShortUrl/GenerateShortUrl
time="2025-07-16 20:24:32" level=info msg="RPC call succeeded" duration=3.2327ms method=/shortUrl.ShortUrl/GenerateShortUrl
time="2025-07-16 20:24:32" level=info msg="RPC call succeeded" duration=2.6901ms method=/shortUrl.ShortUrl/GenerateShortUrl
time="2025-07-16 20:24:32" level=info msg="RPC call succeeded" duration=2.6656ms method=/shortUrl.ShortUrl/GenerateShortUrl
time="2025-07-16 20:24:32" level=info msg="RPC call succeeded" duration=2.688ms method=/shortUrl.ShortUrl/GenerateShortUrl
time="2025-07-16 20:24:32" level=info msg="RPC call succeeded" duration=3.0096ms method=/shortUrl.ShortUrl/GenerateShortUrl
time="2025-07-16 20:24:32" level=info msg="RPC call succeeded" duration=2.0631ms method=/shortUrl.ShortUrl/GenerateShortUrl
time="2025-07-16 20:24:33" level=info msg="RPC call succeeded" duration=2.7799ms method=/shortUrl.ShortUrl/GenerateShortUrl
time="2025-07-16 20:24:33" level=info msg="RPC call succeeded" duration=2.3849ms method=/shortUrl.ShortUrl/GenerateShortUrl
time="2025-07-16 20:24:33" level=info msg="RPC call succeeded" duration=2.2333ms method=/shortUrl.ShortUrl/GenerateShortUrl
time="2025-07-16 20:24:53" level=info msg="RPC call succeeded" duration=20.6841ms method=/shortUrl.ShortUrl/GenerateShortUrl
time="2025-07-16 20:24:53" level=info msg="RPC call succeeded" duration=2.1843ms method=/shortUrl.ShortUrl/GenerateShortUrl
time="2025-07-16 20:24:53" level=info msg="RPC call succeeded" duration=1.7883ms method=/shortUrl.ShortUrl/GenerateShortUrl
time="2025-07-16 20:24:54" level=info msg="RPC call succeeded" duration=1.8388ms method=/shortUrl.ShortUrl/GenerateShortUrl
time="2025-07-16 20:32:31" level=info msg="RPC call succeeded" duration=30.3368ms method=/shortUrl.ShortUrl/GenerateShortUrl
time="2025-07-16 20:32:32" level=error msg="RPC call failed" duration=0s error="rate limit exceeded" method=/shortUrl.ShortUrl/GenerateShortUrl
time="2025-07-16 20:32:34" level=error msg="RPC call failed" duration=0s error="rate limit exceeded" method=/shortUrl.ShortUrl/GenerateShortUrl
time="2025-07-16 20:33:34" level=info msg="RPC call succeeded" duration=3.0285ms method=/shortUrl.ShortUrl/GenerateShortUrl
time="2025-07-16 20:33:34" level=info msg="RPC call succeeded" duration=3.0796ms method=/shortUrl.ShortUrl/GenerateShortUrl
time="2025-07-16 20:33:34" level=info msg="RPC call succeeded" duration=2.7913ms method=/shortUrl.ShortUrl/GenerateShortUrl
time="2025-07-16 20:33:34" level=info msg="RPC call succeeded" duration=2.5005ms method=/shortUrl.ShortUrl/GenerateShortUrl
time="2025-07-16 20:33:35" level=info msg="RPC call succeeded" duration=2.347ms method=/shortUrl.ShortUrl/GenerateShortUrl
time="2025-07-16 20:33:35" level=info msg="RPC call succeeded" duration=2.0951ms method=/shortUrl.ShortUrl/GenerateShortUrl
time="2025-07-16 20:33:35" level=info msg="RPC call succeeded" duration=2.1071ms method=/shortUrl.ShortUrl/GenerateShortUrl
time="2025-07-16 20:33:35" level=info msg="RPC call succeeded" duration=3.416ms method=/shortUrl.ShortUrl/GenerateShortUrl
time="2025-07-16 20:33:35" level=info msg="RPC call succeeded" duration=1.9684ms method=/shortUrl.ShortUrl/GenerateShortUrl
time="2025-07-16 20:33:35" level=info msg="RPC call succeeded" duration=2.0261ms method=/shortUrl.ShortUrl/GenerateShortUrl
time="2025-07-16 20:33:36" level=info msg="RPC call succeeded" duration=3.9818ms method=/shortUrl.ShortUrl/GenerateShortUrl
time="2025-07-16 20:33:36" level=info msg="RPC call succeeded" duration=19.6687ms method=/shortUrl.ShortUrl/GenerateShortUrl
time="2025-07-16 20:33:36" level=info msg="RPC call succeeded" duration=2.789ms method=/shortUrl.ShortUrl/GenerateShortUrl
time="2025-07-16 20:33:36" level=info msg="RPC call succeeded" duration=2.3046ms method=/shortUrl.ShortUrl/GenerateShortUrl
time="2025-07-16 20:33:36" level=info msg="RPC call succeeded" duration=1.908ms method=/shortUrl.ShortUrl/GenerateShortUrl
time="2025-07-16 20:33:36" level=info msg="RPC call succeeded" duration=3.1905ms method=/shortUrl.ShortUrl/GenerateShortUrl
time="2025-07-16 20:33:36" level=info msg="RPC call succeeded" duration=2.724ms method=/shortUrl.ShortUrl/GenerateShortUrl
time="2025-07-16 20:33:37" level=info msg="RPC call succeeded" duration=3.1076ms method=/shortUrl.ShortUrl/GenerateShortUrl
time="2025-07-16 20:33:37" level=info msg="RPC call succeeded" duration=2.5666ms method=/shortUrl.ShortUrl/GenerateShortUrl
time="2025-07-16 20:33:37" level=info msg="RPC call succeeded" duration=1.8304ms method=/shortUrl.ShortUrl/GenerateShortUrl
time="2025-07-16 20:33:37" level=info msg="RPC call succeeded" duration=1.8995ms method=/shortUrl.ShortUrl/GenerateShortUrl
time="2025-07-16 20:40:53" level=info msg="RPC call succeeded" duration=26.7179ms method=/shortUrl.ShortUrl/GenerateShortUrl
time="2025-07-16 20:40:53" level=error msg="RPC call failed" duration=0s error="rate limit exceeded" method=/shortUrl.ShortUrl/GenerateShortUrl
time="2025-07-16 20:40:56" level=error msg="RPC call failed" duration=0s error="rate limit exceeded" method=/shortUrl.ShortUrl/GenerateShortUrl
time="2025-07-16 20:41:03" level=error msg="RPC call failed" duration=0s error="rate limit exceeded" method=/shortUrl.ShortUrl/GenerateShortUrl
time="2025-07-16 20:41:31" level=error msg="RPC call failed" duration=0s error="rate limit exceeded" method=/shortUrl.ShortUrl/GenerateShortUrl
time="2025-07-16 20:42:18" level=error msg="RPC call failed" duration=0s error="rate limit exceeded" method=/shortUrl.ShortUrl/GenerateShortUrl
time="2025-07-16 20:42:23" level=error msg="RPC call failed" duration=0s error="rate limit exceeded" method=/shortUrl.ShortUrl/GenerateShortUrl
time="2025-07-16 20:42:28" level=error msg="RPC call failed" duration=0s error="rate limit exceeded" method=/shortUrl.ShortUrl/GenerateShortUrl
time="2025-07-16 20:42:50" level=info msg="RPC call succeeded" duration=7.8894ms method=/shortUrl.ShortUrl/GenerateShortUrl
time="2025-07-16 20:42:51" level=error msg="RPC call failed" duration=0s error="rate limit exceeded" method=/shortUrl.ShortUrl/GenerateShortUrl
time="2025-07-16 20:42:58" level=error msg="RPC call failed" duration=0s error="rate limit exceeded" method=/shortUrl.ShortUrl/GenerateShortUrl
time="2025-07-16 20:44:50" level=info msg="RPC call succeeded" duration=41.2516ms method=/shortUrl.ShortUrl/GenerateShortUrl
time="2025-07-16 20:44:51" level=error msg="RPC call failed" duration=0s error="rate limit exceeded" method=/shortUrl.ShortUrl/GenerateShortUrl
time="2025-07-16 20:49:58" level=info msg="RPC call succeeded" duration=24.8141ms method=/shortUrl.ShortUrl/GenerateShortUrl
time="2025-07-16 20:49:59" level=error msg="RPC call failed" duration=0s error="rate limit exceeded" method=/shortUrl.ShortUrl/GenerateShortUrl
time="2025-07-16 20:52:06" level=error msg="RPC call failed" duration=0s error="rate limit exceeded" method=/shortUrl.ShortUrl/GenerateShortUrl
time="2025-07-16 20:52:08" level=error msg="RPC call failed" duration=0s error="rate limit exceeded" method=/shortUrl.ShortUrl/GenerateShortUrl
time="2025-07-16 20:53:21" level=error msg="RPC call failed" duration=0s error="rate limit exceeded" method=/shortUrl.ShortUrl/GenerateShortUrl
time="2025-07-16 20:54:12" level=info msg="RPC call succeeded" duration=19.7321ms method=/shortUrl.ShortUrl/GenerateShortUrl
time="2025-07-16 20:54:13" level=error msg="RPC call failed" duration=0s error="rate limit exceeded" method=/shortUrl.ShortUrl/GenerateShortUrl
time="2025-07-16 20:54:17" level=error msg="RPC call failed" duration=0s error="rate limit exceeded" method=/shortUrl.ShortUrl/GenerateShortUrl
time="2025-07-16 20:54:20" level=error msg="RPC call failed" duration=0s error="rate limit exceeded" method=/shortUrl.ShortUrl/GenerateShortUrl
time="2025-07-16 20:55:27" level=error msg="RPC call failed" duration=0s error="rate limit exceeded" method=/shortUrl.ShortUrl/GenerateShortUrl
time="2025-07-16 20:57:05" level=error msg="RPC call failed" duration=0s error="rate limit exceeded" method=/shortUrl.ShortUrl/GenerateShortUrl
time="2025-07-16 20:57:08" level=error msg="RPC call failed" duration=0s error="rate limit exceeded" method=/shortUrl.ShortUrl/GenerateShortUrl
time="2025-07-16 20:57:11" level=error msg="RPC call failed" duration=0s error="rate limit exceeded" method=/shortUrl.ShortUrl/GenerateShortUrl
time="2025-07-16 20:57:36" level=info msg="RPC call succeeded" duration=42.1237ms method=/shortUrl.ShortUrl/GenerateShortUrl
time="2025-07-16 20:57:37" level=error msg="RPC call failed" duration=0s error="rate limit exceeded" method=/shortUrl.ShortUrl/GenerateShortUrl
